<?xml version="1.0" encoding="UTF-8"?>
<!-- Generated by org.testng.reporters.JUnitXMLReporter -->
<testsuite hostname="Admin-pc" ignored="0" name="Test" tests="12" failures="0" timestamp="29 May 2021 12:55:17 GMT" time="0.037" errors="0">
  <testcase name="test1" time="0.006" classname="org.com.Mano1"/>
  <testcase name="test2" time="0.001" classname="org.com.Mano1"/>
  <testcase name="test3" time="0.001" classname="org.com.Mano1"/>
  <testcase name="test11" time="0.001" classname="org.com.mano2"/>
  <testcase name="test12" time="0.001" classname="org.com.mano2"/>
  <testcase name="test13" time="0.001" classname="org.com.mano2"/>
  <testcase name="test21" time="0.0" classname="org.emp.Gowtham1"/>
  <testcase name="test22" time="0.001" classname="org.emp.Gowtham1"/>
  <testcase name="test23" time="0.001" classname="org.emp.Gowtham1"/>
  <testcase name="test31" time="0.0" classname="org.emp.Gowtham12"/>
  <testcase name="test32" time="0.0" classname="org.emp.Gowtham12"/>
  <testcase name="test33" time="0.0" classname="org.emp.Gowtham12"/>
</testsuite> <!-- Test -->
