<?xml version="1.0" encoding="UTF-8"?>
<testng-results skipped="0" failed="0" ignored="0" total="12" passed="12">
  <reporter-output>
  </reporter-output>
  <suite name="Suite" duration-ms="37" started-at="2021-05-29T12:55:17Z" finished-at="2021-05-29T12:55:17Z">
    <groups>
    </groups>
    <test name="Test" duration-ms="37" started-at="2021-05-29T12:55:17Z" finished-at="2021-05-29T12:55:17Z">
      <class name="org.emp.Gowtham1">
        <test-method status="PASS" signature="test21()[pri:0, instance:org.emp.Gowtham1@26be92ad]" name="test21" duration-ms="0" started-at="2021-05-29T12:55:17Z" finished-at="2021-05-29T12:55:17Z">
          <reporter-output>
          </reporter-output>
        </test-method> <!-- test21 -->
        <test-method status="PASS" signature="test22()[pri:0, instance:org.emp.Gowtham1@26be92ad]" name="test22" duration-ms="1" started-at="2021-05-29T12:55:17Z" finished-at="2021-05-29T12:55:17Z">
          <reporter-output>
          </reporter-output>
        </test-method> <!-- test22 -->
        <test-method status="PASS" signature="test23()[pri:0, instance:org.emp.Gowtham1@26be92ad]" name="test23" duration-ms="1" started-at="2021-05-29T12:55:17Z" finished-at="2021-05-29T12:55:17Z">
          <reporter-output>
          </reporter-output>
        </test-method> <!-- test23 -->
      </class> <!-- org.emp.Gowtham1 -->
      <class name="org.com.mano2">
        <test-method status="PASS" signature="test11()[pri:0, instance:org.com.mano2@1d057a39]" name="test11" duration-ms="1" started-at="2021-05-29T12:55:17Z" finished-at="2021-05-29T12:55:17Z">
          <reporter-output>
          </reporter-output>
        </test-method> <!-- test11 -->
        <test-method status="PASS" signature="test12()[pri:0, instance:org.com.mano2@1d057a39]" name="test12" duration-ms="1" started-at="2021-05-29T12:55:17Z" finished-at="2021-05-29T12:55:17Z">
          <reporter-output>
          </reporter-output>
        </test-method> <!-- test12 -->
        <test-method status="PASS" signature="test13()[pri:0, instance:org.com.mano2@1d057a39]" name="test13" duration-ms="1" started-at="2021-05-29T12:55:17Z" finished-at="2021-05-29T12:55:17Z">
          <reporter-output>
          </reporter-output>
        </test-method> <!-- test13 -->
      </class> <!-- org.com.mano2 -->
      <class name="org.com.Mano1">
        <test-method status="PASS" signature="test1()[pri:0, instance:org.com.Mano1@475530b9]" name="test1" duration-ms="6" started-at="2021-05-29T12:55:17Z" finished-at="2021-05-29T12:55:17Z">
          <reporter-output>
          </reporter-output>
        </test-method> <!-- test1 -->
        <test-method status="PASS" signature="test2()[pri:0, instance:org.com.Mano1@475530b9]" name="test2" duration-ms="1" started-at="2021-05-29T12:55:17Z" finished-at="2021-05-29T12:55:17Z">
          <reporter-output>
          </reporter-output>
        </test-method> <!-- test2 -->
        <test-method status="PASS" signature="test3()[pri:0, instance:org.com.Mano1@475530b9]" name="test3" duration-ms="1" started-at="2021-05-29T12:55:17Z" finished-at="2021-05-29T12:55:17Z">
          <reporter-output>
          </reporter-output>
        </test-method> <!-- test3 -->
      </class> <!-- org.com.Mano1 -->
      <class name="org.emp.Gowtham12">
        <test-method status="PASS" signature="test31()[pri:0, instance:org.emp.Gowtham12@4c70fda8]" name="test31" duration-ms="0" started-at="2021-05-29T12:55:17Z" finished-at="2021-05-29T12:55:17Z">
          <reporter-output>
          </reporter-output>
        </test-method> <!-- test31 -->
        <test-method status="PASS" signature="test32()[pri:0, instance:org.emp.Gowtham12@4c70fda8]" name="test32" duration-ms="0" started-at="2021-05-29T12:55:17Z" finished-at="2021-05-29T12:55:17Z">
          <reporter-output>
          </reporter-output>
        </test-method> <!-- test32 -->
        <test-method status="PASS" signature="test33()[pri:0, instance:org.emp.Gowtham12@4c70fda8]" name="test33" duration-ms="0" started-at="2021-05-29T12:55:17Z" finished-at="2021-05-29T12:55:17Z">
          <reporter-output>
          </reporter-output>
        </test-method> <!-- test33 -->
      </class> <!-- org.emp.Gowtham12 -->
    </test> <!-- Test -->
  </suite> <!-- Suite -->
</testng-results>
